0 info it worked if it ends with ok
1 verbose cli [ '/usr/local/bin/node',
1 verbose cli   '/usr/local/bin/npm',
1 verbose cli   'run-script',
1 verbose cli   'start-dev' ]
2 info using npm@3.10.10
3 info using node@v7.3.0
4 verbose run-script [ 'prestart-dev', 'start-dev', 'poststart-dev' ]
5 info lifecycle song-robin@~prestart-dev: song-robin@
6 silly lifecycle song-robin@~prestart-dev: no script for prestart-dev, continuing
7 info lifecycle song-robin@~start-dev: song-robin@
8 verbose lifecycle song-robin@~start-dev: unsafe-perm in lifecycle true
9 verbose lifecycle song-robin@~start-dev: PATH: /usr/local/lib/node_modules/npm/bin/node-gyp-bin:/Users/jb/Desktop/song-robin/node_modules/.bin:/Users/jb/.rvm/gems/ruby-2.2.2/bin:/Users/jb/.rvm/gems/ruby-2.2.2@global/bin:/Users/jb/.rvm/rubies/ruby-2.2.2/bin:/usr/local/bin:/usr/bin:/bin:/usr/sbin:/sbin:/Users/jb/.rvm/bin
10 verbose lifecycle song-robin@~start-dev: CWD: /Users/jb/Desktop/song-robin
11 silly lifecycle song-robin@~start-dev: Args: [ '-c',
11 silly lifecycle   'MONGO_URL=mongodb://localhost:27017/songrobin_dev meteor run' ]
12 silly lifecycle song-robin@~start-dev: Returned: code: 254  signal: null
13 info lifecycle song-robin@~start-dev: Failed to exec start-dev script
14 verbose stack Error: song-robin@ start-dev: `MONGO_URL=mongodb://localhost:27017/songrobin_dev meteor run`
14 verbose stack Exit status 254
14 verbose stack     at EventEmitter.<anonymous> (/usr/local/lib/node_modules/npm/lib/utils/lifecycle.js:255:16)
14 verbose stack     at emitTwo (events.js:106:13)
14 verbose stack     at EventEmitter.emit (events.js:191:7)
14 verbose stack     at ChildProcess.<anonymous> (/usr/local/lib/node_modules/npm/lib/utils/spawn.js:40:14)
14 verbose stack     at emitTwo (events.js:106:13)
14 verbose stack     at ChildProcess.emit (events.js:191:7)
14 verbose stack     at maybeClose (internal/child_process.js:885:16)
14 verbose stack     at Process.ChildProcess._handle.onexit (internal/child_process.js:226:5)
15 verbose pkgid song-robin@
16 verbose cwd /Users/jb/Desktop/song-robin
17 error Darwin 17.2.0
18 error argv "/usr/local/bin/node" "/usr/local/bin/npm" "run-script" "start-dev"
19 error node v7.3.0
20 error npm  v3.10.10
21 error code ELIFECYCLE
22 error song-robin@ start-dev: `MONGO_URL=mongodb://localhost:27017/songrobin_dev meteor run`
22 error Exit status 254
23 error Failed at the song-robin@ start-dev script 'MONGO_URL=mongodb://localhost:27017/songrobin_dev meteor run'.
23 error Make sure you have the latest version of node.js and npm installed.
23 error If you do, this is most likely a problem with the song-robin package,
23 error not with npm itself.
23 error Tell the author that this fails on your system:
23 error     MONGO_URL=mongodb://localhost:27017/songrobin_dev meteor run
23 error You can get information on how to open an issue for this project with:
23 error     npm bugs song-robin
23 error Or if that isn't available, you can get their info via:
23 error     npm owner ls song-robin
23 error There is likely additional logging output above.
24 verbose exit [ 1, true ]
